# JRE version: OpenJDK Runtime Environment Temurin-17.0.6+10 (17.0.6+10) (build 17.0.6+10)
# Java VM: OpenJDK 64-Bit Server VM Temurin-17.0.6+10 (17.0.6+10, mixed mode, emulated-client, tiered, compressed oops, compressed class ptrs, g1 gc, windows-amd64)
GC Precious Log:
 CPUs: 12 total, 12 available
 Memory: 7829M
 Large Page Support: Disabled
 NUMA Support: Disabled
 Compressed Oops: Enabled (32-bit)
 Heap Region Size: 1M
 Heap Min Capacity: 8M
 Heap Initial Capacity: 124M
 Heap Max Capacity: 1G
 Pre-touch: Disabled
 Parallel Workers: 10
 Concurrent Workers: 3
 Concurrent Refinement Workers: 10
 Periodic GC: Disabled
Heap:
 garbage-first heap   total 239616K, used 78213K [0x00000000c0000000, 0x0000000100000000)
  region size 1024K, 1 young (1024K), 0 survivors (0K)
 Metaspace       used 71254K, committed 71744K, reserved 1114112K
  class space    used 9705K, committed 9920K, reserved 1048576K
GC Heap History (20 events):
Event: 3437.400 GC heap before
{Heap before GC invocations=660 (full 33):
 garbage-first heap   total 239616K, used 164611K [0x00000000c0000000, 0x0000000100000000)
  region size 1024K, 80 young (81920K), 1 survivors (1024K)
 Metaspace       used 71254K, committed 71744K, reserved 1114112K
  class space    used 9705K, committed 9920K, reserved 1048576K
}
Event: 3437.452 GC heap after
{Heap after GC invocations=661 (full 34):
 garbage-first heap   total 239616K, used 78809K [0x00000000c0000000, 0x0000000100000000)
  region size 1024K, 0 young (0K), 0 survivors (0K)
 Metaspace       used 71254K, committed 71744K, reserved 1114112K
  class space    used 9705K, committed 9920K, reserved 1048576K
}
Event: 3447.638 GC heap before
{Heap before GC invocations=661 (full 34):
 garbage-first heap   total 239616K, used 78809K [0x00000000c0000000, 0x0000000100000000)
  region size 1024K, 1 young (1024K), 0 survivors (0K)
 Metaspace       used 71254K, committed 71744K, reserved 1114112K
  class space    used 9705K, committed 9920K, reserved 1048576K
}
Event: 3447.719 GC heap after
{Heap after GC invocations=662 (full 35):
 garbage-first heap   total 239616K, used 78228K [0x00000000c0000000, 0x0000000100000000)
  region size 1024K, 0 young (0K), 0 survivors (0K)
 Metaspace       used 71254K, committed 71744K, reserved 1114112K
  class space    used 9705K, committed 9920K, reserved 1048576K
}
Event: 3457.845 GC heap before
{Heap before GC invocations=662 (full 35):
 garbage-first heap   total 239616K, used 78228K [0x00000000c0000000, 0x0000000100000000)
  region size 1024K, 1 young (1024K), 0 survivors (0K)
 Metaspace       used 71254K, committed 71744K, reserved 1114112K
  class space    used 9705K, committed 9920K, reserved 1048576K
}
Event: 3457.898 GC heap after
{Heap after GC invocations=663 (full 36):
 garbage-first heap   total 239616K, used 78228K [0x00000000c0000000, 0x0000000100000000)
  region size 1024K, 0 young (0K), 0 survivors (0K)
 Metaspace       used 71254K, committed 71744K, reserved 1114112K
  class space    used 9705K, committed 9920K, reserved 1048576K
}
Event: 3468.015 GC heap before
{Heap before GC invocations=663 (full 36):
 garbage-first heap   total 239616K, used 78228K [0x00000000c0000000, 0x0000000100000000)
  region size 1024K, 1 young (1024K), 0 survivors (0K)
 Metaspace       used 71254K, committed 71744K, reserved 1114112K
  class space    used 9705K, committed 9920K, reserved 1048576K
}
Event: 3468.064 GC heap after
{Heap after GC invocations=664 (full 37):
 garbage-first heap   total 239616K, used 78213K [0x00000000c0000000, 0x0000000100000000)
  region size 1024K, 0 young (0K), 0 survivors (0K)
 Metaspace       used 71254K, committed 71744K, reserved 1114112K
  class space    used 9705K, committed 9920K, reserved 1048576K
}
Event: 3478.193 GC heap before
{Heap before GC invocations=664 (full 37):
 garbage-first heap   total 239616K, used 78213K [0x00000000c0000000, 0x0000000100000000)
  region size 1024K, 1 young (1024K), 0 survivors (0K)
 Metaspace       used 71254K, committed 71744K, reserved 1114112K
  class space    used 9705K, committed 9920K, reserved 1048576K
}
Event: 3478.240 GC heap after
{Heap after GC invocations=665 (full 38):
 garbage-first heap   total 239616K, used 78213K [0x00000000c0000000, 0x0000000100000000)
  region size 1024K, 0 young (0K), 0 survivors (0K)
 Metaspace       used 71254K, committed 71744K, reserved 1114112K
  class space    used 9705K, committed 9920K, reserved 1048576K
}
Event: 3488.373 GC heap before
{Heap before GC invocations=665 (full 38):
 garbage-first heap   total 239616K, used 78213K [0x00000000c0000000, 0x0000000100000000)
  region size 1024K, 1 young (1024K), 0 survivors (0K)
 Metaspace       used 71254K, committed 71744K, reserved 1114112K
  class space    used 9705K, committed 9920K, reserved 1048576K
}
Event: 3488.421 GC heap after
{Heap after GC invocations=666 (full 39):
 garbage-first heap   total 239616K, used 78213K [0x00000000c0000000, 0x0000000100000000)
  region size 1024K, 0 young (0K), 0 survivors (0K)
 Metaspace       used 71254K, committed 71744K, reserved 1114112K
  class space    used 9705K, committed 9920K, reserved 1048576K
}
Event: 3498.545 GC heap before
{Heap before GC invocations=666 (full 39):
 garbage-first heap   total 239616K, used 78213K [0x00000000c0000000, 0x0000000100000000)
  region size 1024K, 1 young (1024K), 0 survivors (0K)
 Metaspace       used 71254K, committed 71744K, reserved 1114112K
  class space    used 9705K, committed 9920K, reserved 1048576K
}
Event: 3498.594 GC heap after
{Heap after GC invocations=667 (full 40):
 garbage-first heap   total 239616K, used 78213K [0x00000000c0000000, 0x0000000100000000)
  region size 1024K, 0 young (0K), 0 survivors (0K)
 Metaspace       used 71254K, committed 71744K, reserved 1114112K
  class space    used 9705K, committed 9920K, reserved 1048576K
}
Event: 3508.711 GC heap before
{Heap before GC invocations=667 (full 40):
 garbage-first heap   total 239616K, used 78213K [0x00000000c0000000, 0x0000000100000000)
  region size 1024K, 1 young (1024K), 0 survivors (0K)
 Metaspace       used 71254K, committed 71744K, reserved 1114112K
  class space    used 9705K, committed 9920K, reserved 1048576K
}
Event: 3508.760 GC heap after
{Heap after GC invocations=668 (full 41):
 garbage-first heap   total 239616K, used 78213K [0x00000000c0000000, 0x0000000100000000)
  region size 1024K, 0 young (0K), 0 survivors (0K)
 Metaspace       used 71254K, committed 71744K, reserved 1114112K
  class space    used 9705K, committed 9920K, reserved 1048576K
}
Event: 3518.883 GC heap before
{Heap before GC invocations=668 (full 41):
 garbage-first heap   total 239616K, used 78213K [0x00000000c0000000, 0x0000000100000000)
  region size 1024K, 1 young (1024K), 0 survivors (0K)
 Metaspace       used 71254K, committed 71744K, reserved 1114112K
  class space    used 9705K, committed 9920K, reserved 1048576K
}
Event: 3518.934 GC heap after
{Heap after GC invocations=669 (full 42):
 garbage-first heap   total 239616K, used 78213K [0x00000000c0000000, 0x0000000100000000)
  region size 1024K, 0 young (0K), 0 survivors (0K)
 Metaspace       used 71254K, committed 71744K, reserved 1114112K
  class space    used 9705K, committed 9920K, reserved 1048576K
}
Event: 3529.057 GC heap before
{Heap before GC invocations=669 (full 42):
 garbage-first heap   total 239616K, used 78213K [0x00000000c0000000, 0x0000000100000000)
  region size 1024K, 1 young (1024K), 0 survivors (0K)
 Metaspace       used 71254K, committed 71744K, reserved 1114112K
  class space    used 9705K, committed 9920K, reserved 1048576K
}
Event: 3529.106 GC heap after
{Heap after GC invocations=670 (full 43):
 garbage-first heap   total 239616K, used 78213K [0x00000000c0000000, 0x0000000100000000)
  region size 1024K, 0 young (0K), 0 survivors (0K)
 Metaspace       used 71254K, committed 71744K, reserved 1114112K
  class space    used 9705K, committed 9920K, reserved 1048576K
}

